Using pre-set license
Built from '2020.3/staging' branch; Version is '2020.3.6f1 (338bb68529b2) revision 3378102'; Using compiler version '192528614'; Build Type 'Release'
OS: 'Windows 10 Pro; OS build 19042.1348; Version 2009; 64bit' Language: 'en' Physical Memory: 16303 MB
BatchMode: 1, IsHumanControllingUs: 0, StartBugReporterOnCrash: 0, Is64bit: 1, IsPro: 0

 COMMAND LINE ARGUMENTS:
D:\RMIT\2020.3.6f1\Editor\Unity.exe
-adb2
-batchMode
-noUpm
-name
AssetImportWorker0
-projectPath
D:/RMIT/DMS4/lalala/In Deep Shit
-logFile
Logs/AssetImportWorker0.log
-srvPort
56368
Successfully changed project path to: D:/RMIT/DMS4/lalala/In Deep Shit
D:/RMIT/DMS4/lalala/In Deep Shit
Using Asset Import Pipeline V2.
Refreshing native plugins compatible for Editor in 51.12 ms, found 1 plugins.
Preloading 0 native plugins for Editor in 0.00 ms.
Initialize engine version: 2020.3.6f1 (338bb68529b2)
[Subsystems] Discovering subsystems at path D:/RMIT/2020.3.6f1/Editor/Data/Resources/UnitySubsystems
[Subsystems] Discovering subsystems at path D:/RMIT/DMS4/lalala/In Deep Shit/Assets
GfxDevice: creating device client; threaded=0
Direct3D:
    Version:  Direct3D 11.0 [level 11.1]
    Renderer: NVIDIA GeForce RTX 2070 (ID=0x1f07)
    Vendor:   
    VRAM:     8031 MB
    Driver:   30.0.14.7168
Shader 'Universal Render Pipeline/Particles/Lit': fallback shader 'Universal Render Pipeline/Particles/SimpleLit' not found
Initialize mono
Mono path[0] = 'D:/RMIT/2020.3.6f1/Editor/Data/Managed'
Mono path[1] = 'D:/RMIT/2020.3.6f1/Editor/Data/MonoBleedingEdge/lib/mono/unityjit'
Mono config path = 'D:/RMIT/2020.3.6f1/Editor/Data/MonoBleedingEdge/etc'
Using monoOptions --debugger-agent=transport=dt_socket,embedding=1,server=y,suspend=n,address=127.0.0.1:56112
Begin MonoManager ReloadAssembly
Registering precompiled unity dll's ...
Register platform support module: D:/RMIT/2020.3.6f1/Editor/Data/PlaybackEngines/WindowsStandaloneSupport/UnityEditor.WindowsStandalone.Extensions.dll
Registered in 0.001075 seconds.
Native extension for WindowsStandalone target not found
Refreshing native plugins compatible for Editor in 44.19 ms, found 1 plugins.
Preloading 0 native plugins for Editor in 0.00 ms.
Mono: successfully reloaded assembly
- Completed reload, in  1.107 seconds
Platform modules already initialized, skipping
Registering precompiled user dll's ...
Registered in 0.011794 seconds.
Begin MonoManager ReloadAssembly
Native extension for WindowsStandalone target not found
Refreshing native plugins compatible for Editor in 38.14 ms, found 1 plugins.
Preloading 0 native plugins for Editor in 0.00 ms.
Mono: successfully reloaded assembly
- Completed reload, in  1.043 seconds
Platform modules already initialized, skipping
========================================================================
Worker process is ready to serve import requests
Shader 'Universal Render Pipeline/Particles/Lit': fallback shader 'Universal Render Pipeline/Particles/SimpleLit' not found
Launched and connected shader compiler UnityShaderCompiler.exe after 0.08 seconds
Refreshing native plugins compatible for Editor in 0.39 ms, found 1 plugins.
Preloading 0 native plugins for Editor in 0.00 ms.
Unloading 2385 Unused Serialized files (Serialized files now loaded: 0)
System memory in use before: 123.1 MB.
System memory in use after: 123.3 MB.

Unloading 27 unused Assets to reduce memory usage. Loaded Objects now: 2922.
Total: 2.167800 ms (FindLiveObjects: 0.269600 ms CreateObjectMapping: 0.133400 ms MarkObjects: 1.694600 ms  DeleteObjects: 0.069100 ms)

========================================================================
Received Import Request.
  path: Assets/New Terrain.asset
  artifactKey: Guid(0e84f2e276b854c1d8acf9282b5be76d) Importer(815301076,1909f56bfc062723c751e8b465ee728b)
Start importing Assets/New Terrain.asset using Guid(0e84f2e276b854c1d8acf9282b5be76d) Importer(815301076,1909f56bfc062723c751e8b465ee728b)  -> (artifact id: '386a73e7fe47463b21097aa449605feb') in 0.041398 seconds
  Import took 0.044716 seconds .

========================================================================
Received Import Request.
  Time since last request: 0.000231 seconds.
  path: Assets/block.blend
  artifactKey: Guid(ad81dfc7a6e825f96b13f4ae540de331) Importer(815301076,1909f56bfc062723c751e8b465ee728b)
Start importing Assets/block.blend using Guid(ad81dfc7a6e825f96b13f4ae540de331) Importer(815301076,1909f56bfc062723c751e8b465ee728b)  -> (artifact id: '2f279ed04c17f61fb5304ccff9649e68') in 0.316705 seconds
  Import took 0.320062 seconds .

========================================================================
Received Import Request.
  Time since last request: 0.000253 seconds.
  path: Assets/catPoopCtrl.asset
  artifactKey: Guid(cd598a09abc52efe9832a1ba65fbc54d) Importer(815301076,1909f56bfc062723c751e8b465ee728b)
Start importing Assets/catPoopCtrl.asset using Guid(cd598a09abc52efe9832a1ba65fbc54d) Importer(815301076,1909f56bfc062723c751e8b465ee728b)  -> (artifact id: 'e6260b3b01b4a42f8f8abad4e2588644') in 0.153348 seconds
  Import took 0.156201 seconds .

========================================================================
Received Import Request.
  Time since last request: 0.000190 seconds.
  path: Assets/paper.prefab
  artifactKey: Guid(59e37a345f7b1174daa8bf449d443196) Importer(815301076,1909f56bfc062723c751e8b465ee728b)
Start importing Assets/paper.prefab using Guid(59e37a345f7b1174daa8bf449d443196) Importer(815301076,1909f56bfc062723c751e8b465ee728b)  -> (artifact id: '093d0a30313a71494698de30355c3c64') in 0.009994 seconds
  Import took 0.013166 seconds .

========================================================================
Received Import Request.
  Time since last request: 0.000281 seconds.
  path: Assets/invis.png
  artifactKey: Guid(d39e74b5e1270d4558a8683d89543790) Importer(815301076,1909f56bfc062723c751e8b465ee728b)
Start importing Assets/invis.png using Guid(d39e74b5e1270d4558a8683d89543790) Importer(815301076,1909f56bfc062723c751e8b465ee728b)  -> (artifact id: '9cdc45915c06c3ef55cf7868320ff0be') in 0.067257 seconds
  Import took 0.071624 seconds .

AssetImportWorkerClient::OnTransportError - code=2 error=End of file
